<?xml version="1.0" encoding="UTF-8"?>
<!-- Generated by org.testng.reporters.JUnitReportReporter -->
<testsuite hostname="LAPTOP-5OHLK4IV" failures="0" tests="3" name="com.simplilearndemo.qa.TestHomepages.Homepagetest" time="2.570" errors="0" timestamp="2023-10-13T02:20:21 IST" skipped="0">
  <testcase classname="com.simplilearndemo.qa.TestHomepages.Homepagetest" name="titleTest" time="0.023"/>
  <system-out/>
  <testcase classname="com.simplilearndemo.qa.TestHomepages.Homepagetest" name="isAllCoursesTest" time="2.111"/>
  <system-out/>
  <testcase classname="com.simplilearndemo.qa.TestHomepages.Homepagetest" name="getAllCourses" time="0.436"/>
  <system-out/>
</testsuite> <!-- com.simplilearndemo.qa.TestHomepages.Homepagetest -->
